# JRE version: OpenJDK Runtime Environment Temurin-25.0.1+8 (25.0.1+8) (build 25.0.1+8-LTS)
# Java VM: OpenJDK 64-Bit Server VM Temurin-25.0.1+8 (25.0.1+8-LTS, mixed mode, sharing, tiered, compressed oops, compressed class ptrs, g1 gc, windows-amd64)
GC Precious Log:
 CardTable entry size: 512
 Card Set container configuration: InlinePtr #cards 4 size 8 Array Of Cards #cards 16 size 48 Howl #buckets 8 coarsen threshold 3686 Howl Bitmap #cards 512 size 80 coarsen threshold 460 Card regions per heap region 1 cards per card region 4096
 CPUs: 12 total, 12 available
 Memory: 16088M
 Large Page Support: Disabled
 NUMA Support: Disabled
 Compressed Oops: Enabled (Zero based)
 Heap Region Size: 2M
 Heap Min Capacity: 8M
 Heap Initial Capacity: 252M
 Heap Max Capacity: 4024M
 Pre-touch: Disabled
 Parallel Workers: 10
 Concurrent Workers: 3
 Concurrent Refinement Workers: 10
 Periodic GC: Disabled
Heap:
 garbage-first heap   total reserved 4120576K, committed 225280K, used 120676K [0x0000000704800000, 0x0000000800000000)
  region size 2048K, 30 young (61440K), 6 survivors (12288K)
GC Heap Usage History (20 events):
Event: 24777.886 {heap Before GC invocations=258 (full 58):
 garbage-first heap   total reserved 4120576K, committed 225280K, used 184526K [0x0000000704800000, 0x0000000800000000)
  region size 2048K, 61 young (124928K), 0 survivors (0K)
}
Event: 24777.898 {heap After GC invocations=259 (full 58):
 garbage-first heap   total reserved 4120576K, committed 225280K, used 72789K [0x0000000704800000, 0x0000000800000000)
  region size 2048K, 6 young (12288K), 6 survivors (12288K)
}
Event: 24867.717 {heap Before GC invocations=260 (full 58):
 garbage-first heap   total reserved 4120576K, committed 225280K, used 189525K [0x0000000704800000, 0x0000000800000000)
  region size 2048K, 63 young (129024K), 6 survivors (12288K)
}
Event: 24867.747 {heap After GC invocations=261 (full 58):
 garbage-first heap   total reserved 4120576K, committed 225280K, used 75430K [0x0000000704800000, 0x0000000800000000)
  region size 2048K, 3 young (6144K), 3 survivors (6144K)
}
Event: 25021.624 {heap Before GC invocations=261 (full 58):
 garbage-first heap   total reserved 4120576K, committed 225280K, used 190118K [0x0000000704800000, 0x0000000800000000)
  region size 2048K, 60 young (122880K), 3 survivors (6144K)
}
Event: 25021.763 {heap After GC invocations=262 (full 59):
 garbage-first heap   total reserved 4120576K, committed 225280K, used 66532K [0x0000000704800000, 0x0000000800000000)
  region size 2048K, 0 young (0K), 0 survivors (0K)
}
Event: 25025.026 {heap Before GC invocations=262 (full 59):
 garbage-first heap   total reserved 4120576K, committed 225280K, used 127972K [0x0000000704800000, 0x0000000800000000)
  region size 2048K, 32 young (65536K), 0 survivors (0K)
}
Event: 25025.123 {heap After GC invocations=263 (full 60):
 garbage-first heap   total reserved 4120576K, committed 225280K, used 61754K [0x0000000704800000, 0x0000000800000000)
  region size 2048K, 0 young (0K), 0 survivors (0K)
}
Event: 25026.466 {heap Before GC invocations=263 (full 60):
 garbage-first heap   total reserved 4120576K, committed 225280K, used 186682K [0x0000000704800000, 0x0000000800000000)
  region size 2048K, 62 young (126976K), 0 survivors (0K)
}
Event: 25026.475 {heap After GC invocations=264 (full 60):
 garbage-first heap   total reserved 4120576K, committed 225280K, used 72337K [0x0000000704800000, 0x0000000800000000)
  region size 2048K, 6 young (12288K), 6 survivors (12288K)
}
Event: 25122.914 {heap Before GC invocations=265 (full 60):
 garbage-first heap   total reserved 4120576K, committed 225280K, used 187025K [0x0000000704800000, 0x0000000800000000)
  region size 2048K, 63 young (129024K), 6 survivors (12288K)
}
Event: 25122.938 {heap After GC invocations=266 (full 60):
 garbage-first heap   total reserved 4120576K, committed 225280K, used 74775K [0x0000000704800000, 0x0000000800000000)
  region size 2048K, 3 young (6144K), 3 survivors (6144K)
}
Event: 25278.791 {heap Before GC invocations=266 (full 60):
 garbage-first heap   total reserved 4120576K, committed 225280K, used 189463K [0x0000000704800000, 0x0000000800000000)
  region size 2048K, 59 young (120832K), 3 survivors (6144K)
}
Event: 25278.800 {heap After GC invocations=267 (full 60):
 garbage-first heap   total reserved 4120576K, committed 225280K, used 74850K [0x0000000704800000, 0x0000000800000000)
  region size 2048K, 2 young (4096K), 2 survivors (4096K)
}
Event: 25314.036 {heap Before GC invocations=267 (full 60):
 garbage-first heap   total reserved 4120576K, committed 225280K, used 101474K [0x0000000704800000, 0x0000000800000000)
  region size 2048K, 16 young (32768K), 2 survivors (4096K)
}
Event: 25314.178 {heap After GC invocations=268 (full 61):
 garbage-first heap   total reserved 4120576K, committed 225280K, used 66321K [0x0000000704800000, 0x0000000800000000)
  region size 2048K, 0 young (0K), 0 survivors (0K)
}
Event: 25317.277 {heap Before GC invocations=268 (full 61):
 garbage-first heap   total reserved 4120576K, committed 225280K, used 131857K [0x0000000704800000, 0x0000000800000000)
  region size 2048K, 33 young (67584K), 0 survivors (0K)
}
Event: 25317.412 {heap After GC invocations=269 (full 62):
 garbage-first heap   total reserved 4120576K, committed 225280K, used 62144K [0x0000000704800000, 0x0000000800000000)
  region size 2048K, 0 young (0K), 0 survivors (0K)
}
Event: 25318.705 {heap Before GC invocations=269 (full 62):
 garbage-first heap   total reserved 4120576K, committed 225280K, used 195264K [0x0000000704800000, 0x0000000800000000)
  region size 2048K, 65 young (133120K), 0 survivors (0K)
}
Event: 25318.714 {heap After GC invocations=270 (full 62):
 garbage-first heap   total reserved 4120576K, committed 225280K, used 73572K [0x0000000704800000, 0x0000000800000000)
  region size 2048K, 6 young (12288K), 6 survivors (12288K)
}

