# JRE version: OpenJDK Runtime Environment Temurin-25.0.1+8 (25.0.1+8) (build 25.0.1+8-LTS)
# Java VM: OpenJDK 64-Bit Server VM Temurin-25.0.1+8 (25.0.1+8-LTS, mixed mode, sharing, tiered, compressed oops, compressed class ptrs, g1 gc, windows-amd64)
GC Precious Log:
 CardTable entry size: 512
 Card Set container configuration: InlinePtr #cards 4 size 8 Array Of Cards #cards 16 size 48 Howl #buckets 8 coarsen threshold 3686 Howl Bitmap #cards 512 size 80 coarsen threshold 460 Card regions per heap region 1 cards per card region 4096
 CPUs: 12 total, 12 available
 Memory: 16088M
 Large Page Support: Disabled
 NUMA Support: Disabled
 Compressed Oops: Enabled (Zero based)
 Heap Region Size: 2M
 Heap Min Capacity: 8M
 Heap Initial Capacity: 252M
 Heap Max Capacity: 4024M
 Pre-touch: Disabled
 Parallel Workers: 10
 Concurrent Workers: 3
 Concurrent Refinement Workers: 10
 Periodic GC: Disabled
Heap:
 garbage-first heap   total reserved 4120576K, committed 145408K, used 72093K [0x0000000704800000, 0x0000000800000000)
  region size 2048K, 15 young (30720K), 4 survivors (8192K)
GC Heap Usage History (20 events):
Event: 2245.990 {heap Before GC invocations=52 (full 4):
 garbage-first heap   total reserved 4120576K, committed 145408K, used 59133K [0x0000000704800000, 0x0000000800000000)
  region size 2048K, 8 young (16384K), 3 survivors (6144K)
}
Event: 2246.063 {heap After GC invocations=53 (full 5):
 garbage-first heap   total reserved 4120576K, committed 145408K, used 43435K [0x0000000704800000, 0x0000000800000000)
  region size 2048K, 0 young (0K), 0 survivors (0K)
}
Event: 2247.695 {heap Before GC invocations=53 (full 5):
 garbage-first heap   total reserved 4120576K, committed 145408K, used 123307K [0x0000000704800000, 0x0000000800000000)
  region size 2048K, 40 young (81920K), 0 survivors (0K)
}
Event: 2247.700 {heap After GC invocations=54 (full 5):
 garbage-first heap   total reserved 4120576K, committed 145408K, used 49946K [0x0000000704800000, 0x0000000800000000)
  region size 2048K, 4 young (8192K), 4 survivors (8192K)
}
Event: 2248.410 {heap Before GC invocations=55 (full 5):
 garbage-first heap   total reserved 4120576K, committed 145408K, used 123674K [0x0000000704800000, 0x0000000800000000)
  region size 2048K, 40 young (81920K), 4 survivors (8192K)
}
Event: 2248.416 {heap After GC invocations=56 (full 5):
 garbage-first heap   total reserved 4120576K, committed 145408K, used 54134K [0x0000000704800000, 0x0000000800000000)
  region size 2048K, 3 young (6144K), 3 survivors (6144K)
}
Event: 2359.222 {heap Before GC invocations=56 (full 5):
 garbage-first heap   total reserved 4120576K, committed 145408K, used 125814K [0x0000000704800000, 0x0000000800000000)
  region size 2048K, 38 young (77824K), 3 survivors (6144K)
}
Event: 2359.232 {heap After GC invocations=57 (full 5):
 garbage-first heap   total reserved 4120576K, committed 145408K, used 54072K [0x0000000704800000, 0x0000000800000000)
  region size 2048K, 3 young (6144K), 3 survivors (6144K)
}
Event: 2417.960 {heap Before GC invocations=57 (full 5):
 garbage-first heap   total reserved 4120576K, committed 145408K, used 88888K [0x0000000704800000, 0x0000000800000000)
  region size 2048K, 21 young (43008K), 3 survivors (6144K)
}
Event: 2418.041 {heap After GC invocations=58 (full 6):
 garbage-first heap   total reserved 4120576K, committed 145408K, used 44313K [0x0000000704800000, 0x0000000800000000)
  region size 2048K, 0 young (0K), 0 survivors (0K)
}
Event: 2422.373 {heap Before GC invocations=58 (full 6):
 garbage-first heap   total reserved 4120576K, committed 145408K, used 105753K [0x0000000704800000, 0x0000000800000000)
  region size 2048K, 32 young (65536K), 0 survivors (0K)
}
Event: 2422.464 {heap After GC invocations=59 (full 7):
 garbage-first heap   total reserved 4120576K, committed 145408K, used 42582K [0x0000000704800000, 0x0000000800000000)
  region size 2048K, 0 young (0K), 0 survivors (0K)
}
Event: 2424.375 {heap Before GC invocations=59 (full 7):
 garbage-first heap   total reserved 4120576K, committed 145408K, used 128598K [0x0000000704800000, 0x0000000800000000)
  region size 2048K, 42 young (86016K), 0 survivors (0K)
}
Event: 2424.383 {heap After GC invocations=60 (full 7):
 garbage-first heap   total reserved 4120576K, committed 145408K, used 49700K [0x0000000704800000, 0x0000000800000000)
  region size 2048K, 4 young (8192K), 4 survivors (8192K)
}
Event: 2425.344 {heap Before GC invocations=61 (full 7):
 garbage-first heap   total reserved 4120576K, committed 145408K, used 127524K [0x0000000704800000, 0x0000000800000000)
  region size 2048K, 42 young (86016K), 4 survivors (8192K)
}
Event: 2425.351 {heap After GC invocations=62 (full 7):
 garbage-first heap   total reserved 4120576K, committed 145408K, used 55355K [0x0000000704800000, 0x0000000800000000)
  region size 2048K, 4 young (8192K), 4 survivors (8192K)
}
Event: 2440.021 {heap Before GC invocations=62 (full 7):
 garbage-first heap   total reserved 4120576K, committed 145408K, used 86075K [0x0000000704800000, 0x0000000800000000)
  region size 2048K, 20 young (40960K), 4 survivors (8192K)
}
Event: 2440.096 {heap After GC invocations=63 (full 8):
 garbage-first heap   total reserved 4120576K, committed 145408K, used 44661K [0x0000000704800000, 0x0000000800000000)
  region size 2048K, 0 young (0K), 0 survivors (0K)
}
Event: 2441.898 {heap Before GC invocations=63 (full 8):
 garbage-first heap   total reserved 4120576K, committed 145408K, used 120437K [0x0000000704800000, 0x0000000800000000)
  region size 2048K, 38 young (77824K), 0 survivors (0K)
}
Event: 2441.905 {heap After GC invocations=64 (full 8):
 garbage-first heap   total reserved 4120576K, committed 145408K, used 51613K [0x0000000704800000, 0x0000000800000000)
  region size 2048K, 4 young (8192K), 4 survivors (8192K)
}

