# JRE version: OpenJDK Runtime Environment Temurin-25.0.1+8 (25.0.1+8) (build 25.0.1+8-LTS)
# Java VM: OpenJDK 64-Bit Server VM Temurin-25.0.1+8 (25.0.1+8-LTS, mixed mode, sharing, tiered, compressed oops, compressed class ptrs, g1 gc, windows-amd64)
GC Precious Log:
 CardTable entry size: 512
 Card Set container configuration: InlinePtr #cards 4 size 8 Array Of Cards #cards 16 size 48 Howl #buckets 8 coarsen threshold 3686 Howl Bitmap #cards 512 size 80 coarsen threshold 460 Card regions per heap region 1 cards per card region 4096
 CPUs: 12 total, 12 available
 Memory: 16088M
 Large Page Support: Disabled
 NUMA Support: Disabled
 Compressed Oops: Enabled (Zero based)
 Heap Region Size: 2M
 Heap Min Capacity: 8M
 Heap Initial Capacity: 252M
 Heap Max Capacity: 4024M
 Pre-touch: Disabled
 Parallel Workers: 10
 Concurrent Workers: 3
 Concurrent Refinement Workers: 10
 Periodic GC: Disabled
Heap:
 garbage-first heap   total reserved 4120576K, committed 143360K, used 83059K [0x0000000704800000, 0x0000000800000000)
  region size 2048K, 13 young (26624K), 1 survivors (2048K)
GC Heap Usage History (20 events):
Event: 561.140 {heap After GC invocations=29 (full 1):
 garbage-first heap   total reserved 4120576K, committed 143360K, used 55890K [0x0000000704800000, 0x0000000800000000)
  region size 2048K, 5 young (10240K), 5 survivors (10240K)
}
Event: 762.473 {heap Before GC invocations=30 (full 1):
 garbage-first heap   total reserved 4120576K, committed 143360K, used 123474K [0x0000000704800000, 0x0000000800000000)
  region size 2048K, 38 young (77824K), 5 survivors (10240K)
}
Event: 762.478 {heap After GC invocations=31 (full 1):
 garbage-first heap   total reserved 4120576K, committed 143360K, used 56025K [0x0000000704800000, 0x0000000800000000)
  region size 2048K, 2 young (4096K), 2 survivors (4096K)
}
Event: 859.145 {heap Before GC invocations=31 (full 1):
 garbage-first heap   total reserved 4120576K, committed 143360K, used 88793K [0x0000000704800000, 0x0000000800000000)
  region size 2048K, 19 young (38912K), 2 survivors (4096K)
}
Event: 859.255 {heap After GC invocations=32 (full 2):
 garbage-first heap   total reserved 4120576K, committed 143360K, used 41287K [0x0000000704800000, 0x0000000800000000)
  region size 2048K, 0 young (0K), 0 survivors (0K)
}
Event: 861.266 {heap Before GC invocations=32 (full 2):
 garbage-first heap   total reserved 4120576K, committed 143360K, used 121159K [0x0000000704800000, 0x0000000800000000)
  region size 2048K, 39 young (79872K), 0 survivors (0K)
}
Event: 861.272 {heap After GC invocations=33 (full 2):
 garbage-first heap   total reserved 4120576K, committed 143360K, used 47609K [0x0000000704800000, 0x0000000800000000)
  region size 2048K, 4 young (8192K), 4 survivors (8192K)
}
Event: 864.256 {heap Before GC invocations=34 (full 2):
 garbage-first heap   total reserved 4120576K, committed 143360K, used 119289K [0x0000000704800000, 0x0000000800000000)
  region size 2048K, 40 young (81920K), 4 survivors (8192K)
}
Event: 864.262 {heap After GC invocations=35 (full 2):
 garbage-first heap   total reserved 4120576K, committed 143360K, used 51958K [0x0000000704800000, 0x0000000800000000)
  region size 2048K, 3 young (6144K), 3 survivors (6144K)
}
Event: 865.100 {heap Before GC invocations=35 (full 2):
 garbage-first heap   total reserved 4120576K, committed 143360K, used 121590K [0x0000000704800000, 0x0000000800000000)
  region size 2048K, 37 young (75776K), 3 survivors (6144K)
}
Event: 865.107 {heap After GC invocations=36 (full 2):
 garbage-first heap   total reserved 4120576K, committed 143360K, used 56664K [0x0000000704800000, 0x0000000800000000)
  region size 2048K, 3 young (6144K), 3 survivors (6144K)
}
Event: 869.644 {heap Before GC invocations=36 (full 2):
 garbage-first heap   total reserved 4120576K, committed 143360K, used 124248K [0x0000000704800000, 0x0000000800000000)
  region size 2048K, 36 young (73728K), 3 survivors (6144K)
}
Event: 869.652 {heap After GC invocations=37 (full 2):
 garbage-first heap   total reserved 4120576K, committed 143360K, used 61756K [0x0000000704800000, 0x0000000800000000)
  region size 2048K, 5 young (10240K), 5 survivors (10240K)
}
Event: 992.646 {heap Before GC invocations=38 (full 2):
 garbage-first heap   total reserved 4120576K, committed 143360K, used 125244K [0x0000000704800000, 0x0000000800000000)
  region size 2048K, 36 young (73728K), 5 survivors (10240K)
}
Event: 992.650 {heap After GC invocations=39 (full 2):
 garbage-first heap   total reserved 4120576K, committed 143360K, used 63118K [0x0000000704800000, 0x0000000800000000)
  region size 2048K, 4 young (8192K), 4 survivors (8192K)
}
Event: 1124.465 {heap Before GC invocations=39 (full 2):
 garbage-first heap   total reserved 4120576K, committed 143360K, used 126606K [0x0000000704800000, 0x0000000800000000)
  region size 2048K, 35 young (71680K), 4 survivors (8192K)
}
Event: 1124.469 {heap After GC invocations=40 (full 2):
 garbage-first heap   total reserved 4120576K, committed 143360K, used 61183K [0x0000000704800000, 0x0000000800000000)
  region size 2048K, 1 young (2048K), 1 survivors (2048K)
}
Event: 1256.111 {heap Before GC invocations=40 (full 2):
 garbage-first heap   total reserved 4120576K, committed 143360K, used 130815K [0x0000000704800000, 0x0000000800000000)
  region size 2048K, 35 young (71680K), 1 survivors (2048K)
}
Event: 1256.114 {heap After GC invocations=41 (full 2):
 garbage-first heap   total reserved 4120576K, committed 143360K, used 60531K [0x0000000704800000, 0x0000000800000000)
  region size 2048K, 1 young (2048K), 1 survivors (2048K)
}
Event: 1302.490 {heap Before GC invocations=42 (full 2):
 garbage-first heap   total reserved 4120576K, committed 143360K, used 83059K [0x0000000704800000, 0x0000000800000000)
  region size 2048K, 13 young (26624K), 1 survivors (2048K)
}

