# JRE version: OpenJDK Runtime Environment Temurin-25.0.1+8 (25.0.1+8) (build 25.0.1+8-LTS)
# Java VM: OpenJDK 64-Bit Server VM Temurin-25.0.1+8 (25.0.1+8-LTS, mixed mode, sharing, tiered, compressed oops, compressed class ptrs, g1 gc, windows-amd64)
GC Precious Log:
 CardTable entry size: 512
 Card Set container configuration: InlinePtr #cards 4 size 8 Array Of Cards #cards 16 size 48 Howl #buckets 8 coarsen threshold 3686 Howl Bitmap #cards 512 size 80 coarsen threshold 460 Card regions per heap region 1 cards per card region 4096
 CPUs: 12 total, 12 available
 Memory: 16088M
 Large Page Support: Disabled
 NUMA Support: Disabled
 Compressed Oops: Enabled (Zero based)
 Heap Region Size: 2M
 Heap Min Capacity: 8M
 Heap Initial Capacity: 252M
 Heap Max Capacity: 4024M
 Pre-touch: Disabled
 Parallel Workers: 10
 Concurrent Workers: 3
 Concurrent Refinement Workers: 10
 Periodic GC: Disabled
Heap:
 garbage-first heap   total reserved 4120576K, committed 178176K, used 100287K [0x0000000704800000, 0x0000000800000000)
  region size 2048K, 27 young (55296K), 7 survivors (14336K)
GC Heap Usage History (20 events):
Event: 9787.080 {heap After GC invocations=104 (full 16):
 garbage-first heap   total reserved 4120576K, committed 178176K, used 54068K [0x0000000704800000, 0x0000000800000000)
  region size 2048K, 5 young (10240K), 5 survivors (10240K)
}
Event: 9803.634 {heap Before GC invocations=105 (full 16):
 garbage-first heap   total reserved 4120576K, committed 178176K, used 150324K [0x0000000704800000, 0x0000000800000000)
  region size 2048K, 52 young (106496K), 5 survivors (10240K)
}
Event: 9803.640 {heap After GC invocations=106 (full 16):
 garbage-first heap   total reserved 4120576K, committed 178176K, used 59969K [0x0000000704800000, 0x0000000800000000)
  region size 2048K, 4 young (8192K), 4 survivors (8192K)
}
Event: 9978.727 {heap Before GC invocations=106 (full 16):
 garbage-first heap   total reserved 4120576K, committed 178176K, used 152129K [0x0000000704800000, 0x0000000800000000)
  region size 2048K, 49 young (100352K), 4 survivors (8192K)
}
Event: 9978.731 {heap After GC invocations=107 (full 16):
 garbage-first heap   total reserved 4120576K, committed 178176K, used 61234K [0x0000000704800000, 0x0000000800000000)
  region size 2048K, 1 young (2048K), 1 survivors (2048K)
}
Event: 10178.710 {heap Before GC invocations=107 (full 16):
 garbage-first heap   total reserved 4120576K, committed 178176K, used 157490K [0x0000000704800000, 0x0000000800000000)
  region size 2048K, 48 young (98304K), 1 survivors (2048K)
}
Event: 10178.712 {heap After GC invocations=108 (full 16):
 garbage-first heap   total reserved 4120576K, committed 178176K, used 60180K [0x0000000704800000, 0x0000000800000000)
  region size 2048K, 1 young (2048K), 1 survivors (2048K)
}
Event: 10382.513 {heap Before GC invocations=109 (full 16):
 garbage-first heap   total reserved 4120576K, committed 178176K, used 158484K [0x0000000704800000, 0x0000000800000000)
  region size 2048K, 49 young (100352K), 1 survivors (2048K)
}
Event: 10382.516 {heap After GC invocations=110 (full 16):
 garbage-first heap   total reserved 4120576K, committed 178176K, used 60065K [0x0000000704800000, 0x0000000800000000)
  region size 2048K, 1 young (2048K), 1 survivors (2048K)
}
Event: 10591.117 {heap Before GC invocations=110 (full 16):
 garbage-first heap   total reserved 4120576K, committed 178176K, used 160417K [0x0000000704800000, 0x0000000800000000)
  region size 2048K, 50 young (102400K), 1 survivors (2048K)
}
Event: 10591.118 {heap After GC invocations=111 (full 16):
 garbage-first heap   total reserved 4120576K, committed 178176K, used 59727K [0x0000000704800000, 0x0000000800000000)
  region size 2048K, 1 young (2048K), 1 survivors (2048K)
}
Event: 10804.187 {heap Before GC invocations=111 (full 16):
 garbage-first heap   total reserved 4120576K, committed 178176K, used 162127K [0x0000000704800000, 0x0000000800000000)
  region size 2048K, 51 young (104448K), 1 survivors (2048K)
}
Event: 10804.189 {heap After GC invocations=112 (full 16):
 garbage-first heap   total reserved 4120576K, committed 178176K, used 59769K [0x0000000704800000, 0x0000000800000000)
  region size 2048K, 1 young (2048K), 1 survivors (2048K)
}
Event: 10883.024 {heap Before GC invocations=113 (full 16):
 garbage-first heap   total reserved 4120576K, committed 178176K, used 96633K [0x0000000704800000, 0x0000000800000000)
  region size 2048K, 20 young (40960K), 1 survivors (2048K)
}
Event: 10883.113 {heap After GC invocations=114 (full 17):
 garbage-first heap   total reserved 4120576K, committed 178176K, used 48819K [0x0000000704800000, 0x0000000800000000)
  region size 2048K, 0 young (0K), 0 survivors (0K)
}
Event: 10887.115 {heap Before GC invocations=114 (full 17):
 garbage-first heap   total reserved 4120576K, committed 178176K, used 155315K [0x0000000704800000, 0x0000000800000000)
  region size 2048K, 52 young (106496K), 0 survivors (0K)
}
Event: 10887.120 {heap After GC invocations=115 (full 17):
 garbage-first heap   total reserved 4120576K, committed 178176K, used 55029K [0x0000000704800000, 0x0000000800000000)
  region size 2048K, 4 young (8192K), 4 survivors (8192K)
}
Event: 10889.546 {heap Before GC invocations=116 (full 17):
 garbage-first heap   total reserved 4120576K, committed 178176K, used 153333K [0x0000000704800000, 0x0000000800000000)
  region size 2048K, 52 young (106496K), 4 survivors (8192K)
}
Event: 10889.554 {heap After GC invocations=117 (full 17):
 garbage-first heap   total reserved 4120576K, committed 178176K, used 61375K [0x0000000704800000, 0x0000000800000000)
  region size 2048K, 7 young (14336K), 7 survivors (14336K)
}
Event: 10901.742 {heap Before GC invocations=117 (full 17):
 garbage-first heap   total reserved 4120576K, committed 178176K, used 100287K [0x0000000704800000, 0x0000000800000000)
  region size 2048K, 27 young (55296K), 7 survivors (14336K)
}

